[2025-09-20 20:53:28] 用户: 1 | 操作: 登录 | 结果: 成功 
[2025-09-20 20:54:52] 用户: 1 | 操作: 登录 | 结果: 成功 
[2025-09-20 20:55:37] 用户: 1 | 操作: 登录 | 结果: 成功 
[2025-09-20 20:59:54] 用户: 1 | 操作: 登录 | 结果: 成功 
[2025-09-20 21:01:14] 用户: 1 | 操作: 登录 | 结果: 成功 
[2025-09-20 21:03:44] 用户: 1 | 操作: 登录 | 结果: 失败：用户名或密码错误 
[2025-09-20 21:03:46] 用户: 1 | 操作: 登录 | 结果: 成功 
[2025-09-20 21:06:28] 用户: 1 | 操作: 登录 | 结果: 成功 
[2025-09-20 21:36:29] 用户: 1 | 操作: 登录 | 结果: 成功 
[2025-09-20 21:38:21] 用户: 1 | 操作: 登录 | 结果: 成功 
[2025-09-20 21:39:14] 用户: 1 | 操作: 登录 | 结果: 成功 
[2025-09-20 21:42:45] 用户: 1 | 操作: 登录 | 结果: 成功 
[2025-09-20 21:44:45] 用户: 1 | 操作: 登录 | 结果: 成功 
[2025-09-20 22:38:21] 用户: 1 | 操作: 登录 | 结果: 成功 
[2025-09-20 22:53:50] 用户: 1 | 操作: 登录 | 结果: 成功 
[2025-12-17 10:06:28] 用户: root | 操作: 登录 | 结果: 失败：用户名或密码错误 
[2025-12-17 10:07:40] 用户: admin | 操作: 登录 | 结果: 成功 
[2025-12-17 11:00:55] 用户: admin | 操作: 登录 | 结果: 成功 
[2025-12-17 11:02:18] 用户: admin | 操作: 登录 | 结果: 成功 
[2025-12-17 11:02:38] 用户: admin | 操作: 登录 | 结果: 成功 
[2025-12-17 14:04:43] 用户: admin | 操作: 登录 | 结果: 成功 
[2025-12-17 14:22:52] 用户: admin | 操作: 登录 | 结果: 成功 
[2025-12-17 14:26:36] 用户: admin | 操作: 登录 | 结果: 成功 
[2025-12-17 14:28:25] 用户: admin | 操作: 登录 | 结果: 成功 
[2025-12-17 14:30:28] 用户: admin | 操作: 登录 | 结果: 成功 
[2025-12-17 14:32:54] 用户: admin | 操作: 登录 | 结果: 成功 
[2025-12-17 15:08:44] 用户: admin | 操作: 登录 | 结果: 成功 
[2025-12-17 15:11:22] 用户: admin | 操作: 登录 | 结果: 成功 
[2025-12-17 16:38:27] 用户: admin | 操作: 登录 | 结果: 成功 
[2025-12-17 21:31:24] 用户: admin | 操作: 登录 | 结果: 成功 
[2025-12-18 08:19:28] 用户: admin | 操作: 登录 | 结果: 成功 
[2025-12-18 08:21:55] 用户: admin | 操作: 登录 | 结果: 成功 
[2025-12-18 09:42:51] 用户: admin | 操作: 登录 | 结果: 成功 
[2025-12-18 09:43:22] 用户: admin | 操作: 登录 | 结果: 成功 
[2025-12-18 09:54:10] 用户: admin | 操作: 登录 | 结果: 成功 
[2025-12-18 10:01:23] 用户: admin | 操作: 登录 | 结果: 成功 
[2025-12-18 10:03:42] 用户: admin | 操作: 登录 | 结果: 成功 
[2025-12-18 10:07:51] 用户: admin | 操作: 登录 | 结果: 成功 
[2025-12-18 10:12:26] 用户: admin | 操作: 登录 | 结果: 成功 
[2025-12-18 10:16:16] 用户: admin | 操作: 登录 | 结果: 成功 
[2025-12-18 10:17:49] 用户: admin | 操作: 登录 | 结果: 成功 
[2025-12-18 10:19:24] 用户: admin | 操作: 登录 | 结果: 成功 
[2025-12-18 10:21:57] 用户: admin | 操作: 登录 | 结果: 成功 
[2025-12-18 10:33:19] 用户: admin | 操作: 登录 | 结果: 成功 
[2025-12-18 10:35:36] 用户: admin | 操作: 登录 | 结果: 成功 
[2025-12-18 11:28:37] 用户: admin | 操作: 登录 | 结果: 成功 
[2025-12-18 14:42:13] 用户: admin | 操作: 登录 | 结果: 成功 
[2025-12-18 15:09:35] 用户: admin | 操作: 登录 | 结果: 成功 
[2025-12-18 15:14:22] 用户: admin | 操作: 登录 | 结果: 成功 
[2025-12-18 15:16:20] 用户: admin | 操作: 登录 | 结果: 成功 
[2025-12-18 15:21:10] 用户: admin | 操作: 登录 | 结果: 成功 
[2025-12-18 16:19:11] 用户: admin | 操作: 登录 | 结果: 成功 
[2025-12-18 16:22:59] 用户: admin | 操作: 登录 | 结果: 成功 
[2025-12-18 16:26:38] 用户: admin | 操作: 登录 | 结果: 成功 
[2025-12-18 16:47:46] 用户: admin | 操作: 登录 | 结果: 成功 
[2025-12-18 16:48:29] 用户: admin | 操作: 登录 | 结果: 成功 
[2025-12-18 16:50:04] 用户: admin | 操作: 登录 | 结果: 成功 
[2025-12-18 16:53:53] 用户: admin | 操作: 登录 | 结果: 成功 
[2025-12-18 16:56:39] 用户: admin | 操作: 登录 | 结果: 成功 
[2025-12-19 08:52:57] 用户: admin | 操作: 登录 | 结果: 成功 
[2025-12-19 08:59:20] 用户: admin | 操作: 登录 | 结果: 成功 
[2025-12-19 09:05:34] 用户: admin | 操作: 登录 | 结果: 成功 
[2025-12-19 09:16:23] 用户: admin | 操作: 登录 | 结果: 成功 
[2025-12-19 09:23:36] 用户: admin | 操作: 登录 | 结果: 成功 
[2025-12-19 09:32:38] 用户: admin | 操作: 登录 | 结果: 成功 
[2025-12-19 09:39:31] 用户: admin | 操作: 登录 | 结果: 成功 
[2025-12-19 10:30:03] 用户: admin | 操作: 登录 | 结果: 成功 
[2025-12-19 10:36:44] 用户: admin | 操作: 登录 | 结果: 成功 
[2025-12-19 10:41:13] 用户: admin | 操作: 登录 | 结果: 成功 
[2025-12-19 10:54:31] 用户: admin | 操作: 登录 | 结果: 成功 
[2025-12-19 11:22:38] 用户: admin | 操作: 登录 | 结果: 成功 
[2025-12-19 11:25:00] 用户: admin | 操作: 登录 | 结果: 成功 
[2025-12-19 11:31:55] 用户: admin | 操作: 登录 | 结果: 成功 
[2025-12-19 11:33:44] 用户: admin | 操作: 登录 | 结果: 成功 
[2025-12-19 11:34:54] 用户: admin | 操作: 登录 | 结果: 成功 
[2025-12-19 14:11:13] 用户: admin | 操作: 登录 | 结果: 成功 
[2025-12-19 14:14:38] 用户: admin | 操作: 登录 | 结果: 成功 
[2025-12-19 14:16:19] 用户: admin | 操作: 登录 | 结果: 成功 
[2025-12-19 14:31:52] 用户: admin | 操作: 登录 | 结果: 成功 
[2025-12-19 14:54:21] 用户: admin | 操作: 登录 | 结果: 成功 
[2025-12-19 15:04:51] 用户: admin | 操作: 登录 | 结果: 成功 
[2025-12-19 15:15:37] 用户: admin | 操作: 登录 | 结果: 成功 
[2025-12-19 15:21:38] 用户: admin | 操作: 登录 | 结果: 成功 
[2025-12-19 15:35:40] 用户: admin | 操作: 登录 | 结果: 成功 
[2025-12-19 15:42:55] 用户: admin | 操作: 登录 | 结果: 成功 
[2025-12-19 16:40:45] 用户: admin | 操作: 登录 | 结果: 成功 
[2025-12-19 16:49:19] 用户: admin | 操作: 登录 | 结果: 成功 
[2025-12-19 16:52:58] 用户: admin | 操作: 登录 | 结果: 成功 
[2025-12-22 08:49:24] 用户: admin | 操作: 登录 | 结果: 成功 
[2025-12-22 08:52:56] 用户: admin | 操作: 登录 | 结果: 成功 
[2025-12-22 08:57:49] 用户: admin | 操作: 登录 | 结果: 成功 
[2025-12-22 09:38:17] 用户: admin | 操作: 登录 | 结果: 成功 
[2025-12-22 09:44:07] 用户: admin | 操作: 登录 | 结果: 成功 
[2025-12-22 09:48:26] 用户: admin | 操作: 登录 | 结果: 成功 
[2025-12-22 09:57:39] 用户: admin | 操作: 登录 | 结果: 成功 
[2025-12-22 09:58:33] 用户: admin | 操作: 登录 | 结果: 成功 
[2025-12-22 10:07:44] 用户: admin | 操作: 登录 | 结果: 失败：用户名或密码错误 
[2025-12-22 10:07:48] 用户: admin | 操作: 登录 | 结果: 成功 
[2025-12-22 10:15:39] 用户: admin | 操作: 登录 | 结果: 成功 
[2025-12-22 10:20:20] 用户: admin | 操作: 登录 | 结果: 成功 
[2025-12-22 10:44:26] 用户: admin | 操作: 登录 | 结果: 成功 
[2025-12-22 11:13:01] 用户: admin | 操作: 登录 | 结果: 成功 
[2025-12-22 11:14:35] 用户: admin | 操作: 登录 | 结果: 成功 
[2025-12-22 11:21:49] 用户: admin | 操作: 登录 | 结果: 成功 
[2025-12-22 11:27:03] 用户: admin | 操作: 登录 | 结果: 成功 
[2025-12-22 11:30:42] 用户: admin | 操作: 登录 | 结果: 成功 
[2025-12-22 11:34:34] 用户: admin | 操作: 登录 | 结果: 成功 
[2025-12-22 11:36:09] 用户: admin | 操作: 登录 | 结果: 成功 
[2025-12-22 11:38:36] 用户: admin | 操作: 登录 | 结果: 成功 
[2025-12-22 11:43:59] 用户: admin | 操作: 登录 | 结果: 成功 
[2025-12-22 11:46:51] 用户: admin | 操作: 登录 | 结果: 成功 
[2025-12-23 10:43:44] 用户: admin | 操作: 登录 | 结果: 成功 
[2025-12-23 16:03:17] 用户: admin | 操作: 登录 | 结果: 成功 
[2025-12-23 16:12:59] 用户: admin | 操作: 登录 | 结果: 成功 
[2025-12-23 16:19:13] 用户: admin | 操作: 登录 | 结果: 成功 
[2025-12-23 16:31:07] 用户: admin | 操作: 登录 | 结果: 成功 
[2025-12-23 16:32:51] 用户: admin | 操作: 登录 | 结果: 成功 
[2025-12-23 16:39:52] 用户: admin | 操作: 登录 | 结果: 成功 
[2025-12-23 16:41:56] 用户: admin | 操作: 登录 | 结果: 成功 
[2025-12-23 16:49:37] 用户: admin | 操作: 登录 | 结果: 成功 
[2025-12-23 16:52:03] 用户: admin | 操作: 登录 | 结果: 成功 
[2025-12-24 08:42:45] 用户: admin | 操作: 登录 | 结果: 成功 
[2025-12-24 09:55:40] 用户: admin | 操作: 登录 | 结果: 成功 
[2025-12-24 10:10:25] 用户: admin | 操作: 登录 | 结果: 成功 
[2025-12-25 09:12:44] 用户: admin | 操作: 登录 | 结果: 成功 
[2025-12-25 09:43:53] 用户: admin | 操作: 登录 | 结果: 成功 
[2025-12-25 10:01:55] 用户: admin | 操作: 登录 | 结果: 成功 
[2025-12-25 10:08:34] 用户: admin | 操作: 登录 | 结果: 成功 
[2025-12-25 10:34:15] 用户: admin | 操作: 登录 | 结果: 成功 
[2025-12-25 11:54:14] 用户: admin | 操作: 登录 | 结果: 失败：用户名或密码错误 
[2025-12-25 11:54:21] 用户: admin | 操作: 登录 | 结果: 成功 
[2025-12-25 14:18:17] 用户: admin | 操作: 登录 | 结果: 成功 
[2025-12-25 14:43:34] 用户: admin | 操作: 登录 | 结果: 成功 
[2025-12-25 16:58:57] 用户: admin | 操作: 登录 | 结果: 成功 
[2025-12-25 17:38:19] 用户: admin | 操作: 登录 | 结果: 成功 
[2025-12-25 17:59:53] 用户: admin | 操作: 登录 | 结果: 成功 
[2025-12-26 09:53:39] 用户: admin | 操作: 登录 | 结果: 成功 
[2025-12-27 13:16:34] 用户: admin | 操作: 登录 | 结果: 成功 
[2025-12-27 14:15:56] 用户: admin | 操作: 登录 | 结果: 成功 
[2025-12-27 14:19:05] 用户: admin | 操作: 登录 | 结果: 成功 
[2025-12-27 14:20:29] 用户: admin | 操作: 登录 | 结果: 成功 
[2025-12-27 14:21:40] 用户: admin | 操作: 登录 | 结果: 成功 
[2025-12-27 14:23:26] 用户: admin | 操作: 登录 | 结果: 成功 
[2025-12-27 14:47:03] 用户: admin | 操作: 登录 | 结果: 成功 
[2025-12-27 14:50:03] 用户: admin | 操作: 登录 | 结果: 成功 
[2025-12-27 14:51:26] 用户: admin | 操作: 登录 | 结果: 成功 
[2025-12-27 15:24:31] 用户: admin | 操作: 登录 | 结果: 成功 
[2025-12-27 15:36:47] 用户: admin | 操作: 登录 | 结果: 成功 
[2025-12-27 15:37:29] 用户: admin | 操作: 登录 | 结果: 成功 
[2025-12-27 15:49:51] 用户: admin | 操作: 登录 | 结果: 成功 
[2025-12-27 15:51:08] 用户: admin | 操作: 登录 | 结果: 成功 
[2025-12-27 16:20:36] 用户: admin | 操作: 登录 | 结果: 成功 
[2025-12-27 16:27:14] 用户: admin | 操作: 登录 | 结果: 成功 
[2025-12-27 16:32:19] 用户: admin | 操作: 登录 | 结果: 成功 
[2025-12-27 16:34:54] 用户: admin | 操作: 登录 | 结果: 成功 
[2025-12-28 11:44:25] 用户: admin | 操作: 登录 | 结果: 成功 
[2025-12-28 11:45:33] 用户: admin | 操作: 登录 | 结果: 成功 
[2025-12-28 11:54:43] 用户: admin | 操作: 登录 | 结果: 成功 
[2025-12-28 11:58:25] 用户: admin | 操作: 登录 | 结果: 成功 
[2025-12-28 11:59:24] 用户: admin | 操作: 登录 | 结果: 成功 
[2025-12-28 12:05:43] 用户: admin | 操作: 登录 | 结果: 成功 
[2025-12-28 12:08:23] 用户: admin | 操作: 登录 | 结果: 成功 
[2025-12-28 12:10:55] 用户: admin | 操作: 登录 | 结果: 成功 
[2025-12-28 17:16:41] 用户: admin | 操作: 登录 | 结果: 成功 
[2025-12-28 17:20:12] 用户: admin | 操作: 登录 | 结果: 成功 
[2025-12-28 17:25:52] 用户: admin | 操作: 登录 | 结果: 成功 
[2025-12-28 17:27:34] 用户: admin | 操作: 登录 | 结果: 成功 
[2025-12-28 17:57:56] 用户: admin | 操作: 登录 | 结果: 成功 
[2025-12-28 17:59:06] 用户: admin | 操作: 登录 | 结果: 成功 
[2025-12-29 09:06:06] 用户: admin | 操作: 登录 | 结果: 成功 
[2025-12-29 09:13:19] 用户: admin | 操作: 登录 | 结果: 成功 
[2025-12-29 09:17:13] 用户: admin | 操作: 登录 | 结果: 成功 
[2025-12-29 09:18:54] 用户: admin | 操作: 登录 | 结果: 成功 
[2025-12-29 09:20:53] 用户: admin | 操作: 登录 | 结果: 成功 
[2025-12-29 09:23:44] 用户: admin | 操作: 登录 | 结果: 成功 
[2025-12-29 09:30:18] 用户: admin | 操作: 登录 | 结果: 成功 
[2025-12-29 09:40:45] 用户: admin | 操作: 登录 | 结果: 成功 
[2025-12-29 09:46:34] 用户: admin | 操作: 登录 | 结果: 成功 
[2025-12-29 10:00:11] 用户: admin | 操作: 登录 | 结果: 成功 
[2025-12-29 10:32:55] 用户: admin | 操作: 登录 | 结果: 成功 
[2025-12-29 10:35:02] 用户: admin | 操作: 登录 | 结果: 成功 
[2025-12-29 10:37:45] 用户: admin | 操作: 登录 | 结果: 成功 
[2025-12-29 10:49:14] 用户: admin | 操作: 登录 | 结果: 成功 
[2025-12-29 11:30:52] 用户: admin | 操作: 登录 | 结果: 成功 
[2025-12-29 11:31:41] 用户: admin | 操作: 登录 | 结果: 成功 
[2025-12-29 11:33:15] 用户: admin | 操作: 登录 | 结果: 成功 
[2025-12-29 11:34:33] 用户: admin | 操作: 登录 | 结果: 成功 
[2025-12-29 11:35:42] 用户: admin | 操作: 登录 | 结果: 成功 
[2025-12-29 11:37:30] 用户: admin | 操作: 登录 | 结果: 成功 
[2025-12-29 11:38:47] 用户: admin | 操作: 登录 | 结果: 成功 
[2025-12-29 11:40:22] 用户: admin | 操作: 登录 | 结果: 成功 
[2025-12-29 11:51:32] 用户: admin | 操作: 登录 | 结果: 成功 
[2025-12-29 14:37:25] 用户: admin | 操作: 登录 | 结果: 成功 
[2025-12-29 14:51:17] 用户: admin | 操作: 登录 | 结果: 成功 
[2025-12-29 15:14:07] 用户: admin | 操作: 登录 | 结果: 成功 
[2025-12-29 15:45:10] 用户: admin | 操作: 登录 | 结果: 成功 
[2025-12-30 09:58:34] 用户: admin | 操作: 登录 | 结果: 成功 
[2025-12-30 10:01:33] 用户: admin | 操作: 登录 | 结果: 成功 
[2025-12-30 10:02:34] 用户: admin | 操作: 登录 | 结果: 成功 
[2025-12-30 10:04:47] 用户: admin | 操作: 登录 | 结果: 成功 
[2025-12-30 10:06:10] 用户: admin | 操作: 登录 | 结果: 成功 
[2025-12-30 10:31:22] 用户: admin | 操作: 登录 | 结果: 成功 
[2025-12-30 10:31:59] 用户: admin | 操作: 登录 | 结果: 成功 
[2025-12-30 10:32:51] 用户: admin | 操作: 登录 | 结果: 成功 
[2025-12-30 10:34:26] 用户: admin | 操作: 登录 | 结果: 成功 
[2025-12-30 10:58:12] 用户: admin | 操作: 登录 | 结果: 成功 
[2025-12-30 10:59:26] 用户: admin | 操作: 登录 | 结果: 成功 
[2025-12-30 11:01:19] 用户: admin | 操作: 登录 | 结果: 成功 
[2026-04-23 14:46:06] 用户: admin | 操作: 登录 | 结果: 成功 
[2026-04-23 14:47:18] 用户: admin | 操作: 登录 | 结果: 成功 
[2026-04-23 14:55:41] 用户: admin | 操作: 登录 | 结果: 成功 
[2026-04-23 14:59:04] 用户: admin | 操作: 登录 | 结果: 成功 
[2026-04-23 14:59:35] 用户: admin | 操作: 登录 | 结果: 成功 
[2026-04-23 15:50:05] 用户: admin | 操作: 登录 | 结果: 成功 
[2026-04-23 16:22:43] 用户: admin | 操作: 登录 | 结果: 成功 
[2026-04-23 16:23:50] 用户: admin | 操作: 登录 | 结果: 成功 
[2026-04-23 16:27:59] 用户: admin | 操作: 登录 | 结果: 成功 
[2026-04-23 16:31:09] 用户: admin | 操作: 登录 | 结果: 成功 
[2026-04-23 16:37:18] 用户: admin | 操作: 登录 | 结果: 成功 
[2026-04-23 16:38:19] 用户: admin | 操作: 登录 | 结果: 成功 
[2026-04-23 16:40:11] 用户: admin | 操作: 登录 | 结果: 成功 
