2025-09-17 10:11:26,442 - WARNING - 某些按钮未找到: 'Window' object has no attribute 'connect_sorter_btn'
2025-09-17 10:11:26,442 - INFO - 硬件控制模块集成完成
2025-09-17 10:11:38,366 - INFO - 已停止 0 个监控线程
2025-09-17 10:11:38,366 - INFO - 已停止 0 个监控线程
2025-09-17 10:11:38,366 - INFO - 已断开所有设备连接
2025-09-17 10:13:59,776 - INFO - 硬件控制模块集成完成
2025-09-17 10:14:14,594 - INFO - 已停止 0 个监控线程
2025-09-17 10:14:14,594 - INFO - 已停止 0 个监控线程
2025-09-17 10:14:14,595 - INFO - 已断开所有设备连接
2025-09-17 12:02:18,756 - INFO - 硬件控制模块集成完成
2025-09-17 12:02:20,852 - INFO - 已停止 0 个监控线程
2025-09-17 12:02:20,853 - INFO - 停止 0 个监控线程
2025-09-17 12:02:20,853 - INFO - 已断开所有设备连接
2025-09-17 14:51:23,773 - INFO - 硬件控制模块集成完成
2025-09-17 14:51:30,326 - ERROR - Connection to (127.0.0.1, 502) failed: [Errno 61] Connection refused
2025-09-17 14:51:30,328 - ERROR - 无法连接到分拣机
2025-09-17 14:51:51,529 - ERROR - Repeating....
2025-09-17 14:51:51,530 - ERROR - 无法连接到分拣机
2025-09-17 14:51:52,229 - ERROR - Connection to (127.0.0.1, 502) failed: [Errno 61] Connection refused
2025-09-17 14:51:52,230 - ERROR - 无法连接到分拣机
2025-09-17 14:51:55,767 - INFO - 已停止 0 个监控线程
2025-09-17 14:51:55,768 - INFO - 已停止 0 个监控线程
2025-09-17 14:51:55,768 - INFO - 已断开所有设备连接
2025-09-17 21:25:43,347 - INFO - 硬件控制模块集成完成
2025-09-17 21:26:11,874 - INFO - 已停止 0 个监控线程
2025-09-17 21:26:11,875 - INFO - 已停止 0 个监控线程
2025-09-17 21:26:11,875 - INFO - 已断开所有设备连接
2025-09-17 21:26:26,275 - INFO - 硬件控制模块集成完成
2025-09-17 21:26:32,259 - ERROR - Connection to (127.0.0.1, 502) failed: [Errno 61] Connection refused
2025-09-17 21:27:17,273 - ERROR - 无法连接到 磨边机1号
2025-09-17 21:27:20,235 - ERROR - Connection to (192.168.7.233, 502) failed: [Errno 61] Connection refused
2025-09-17 21:27:23,724 - ERROR - 无法连接到 磨边机2号
2025-09-17 21:27:25,297 - ERROR - Connection to (192.168.7.234, 502) failed: [Errno 61] Connection refused
2025-09-17 21:27:27,672 - ERROR - 无法连接到 磨边机3号
2025-09-17 21:27:29,468 - ERROR - Connection to (192.168.7.235, 502) failed: [Errno 61] Connection refused
2025-09-17 21:27:31,672 - ERROR - 无法连接到 磨边机4号
2025-09-17 21:27:32,290 - INFO - 侧磨机连接完成，成功连接 0/4 台
2025-09-17 21:27:39,549 - INFO - 已停止 0 个监控线程
2025-09-17 21:27:39,550 - INFO - 已停止 0 个监控线程
2025-09-17 21:27:39,550 - INFO - 已断开所有设备连接
2025-09-17 21:58:56,857 - INFO - 硬件控制模块集成完成
2025-09-17 21:59:06,067 - INFO - 已停止 0 个监控线程
2025-09-17 21:59:06,067 - INFO - 已停止 0 个监控线程
2025-09-17 21:59:06,067 - INFO - 已断开所有设备连接
2025-09-17 22:29:37,726 - INFO - 硬件控制模块集成完成
2025-09-17 22:30:04,193 - INFO - 已停止 0 个监控线程
2025-09-17 22:30:04,194 - INFO - 已停止 0 个监控线程
2025-09-17 22:30:04,195 - INFO - 已断开所有设备连接
2025-09-17 22:31:05,014 - INFO - 硬件控制模块集成完成
2025-09-17 22:32:55,691 - INFO - 硬件控制模块集成完成
2025-09-17 23:53:28,724 - INFO - 已停止 0 个监控线程
2025-09-17 23:53:28,731 - INFO - 已停止 0 个监控线程
2025-09-17 23:53:28,732 - INFO - 已断开所有设备连接
2025-09-17 23:53:43,050 - INFO - 硬件控制模块集成完成
2025-09-18 09:05:07,662 - INFO - 已停止 0 个监控线程
2025-09-18 09:05:07,674 - INFO - 已停止 0 个监控线程
2025-09-18 09:05:07,675 - INFO - 已断开所有设备连接
2025-09-18 16:38:46,080 - INFO - 硬件控制模块集成完成
2025-09-18 16:42:28,340 - INFO - 硬件控制模块集成完成
2025-09-18 16:43:41,065 - INFO - 硬件控制模块集成完成
2025-09-18 16:44:00,003 - INFO - 已停止 0 个监控线程
2025-09-18 16:44:00,004 - INFO - 已停止 0 个监控线程
2025-09-18 16:44:00,004 - INFO - 已断开所有设备连接
2025-09-18 17:14:19,287 - INFO - 硬件控制模块集成完成
2025-09-18 17:14:57,587 - INFO - 硬件控制模块集成完成
2025-09-18 17:14:59,049 - INFO - 已停止 0 个监控线程
2025-09-18 17:14:59,049 - INFO - 已停止 0 个监控线程
2025-09-18 17:14:59,049 - INFO - 已断开所有设备连接
2025-09-18 17:17:09,474 - INFO - 硬件控制模块集成完成
2025-09-18 17:17:11,408 - INFO - 已停止 0 个监控线程
2025-09-18 17:17:11,409 - INFO - 已停止 0 个监控线程
2025-09-18 17:17:11,409 - INFO - 已断开所有设备连接
2025-09-18 17:27:30,230 - INFO - 硬件控制模块集成完成
2025-09-18 17:27:34,256 - INFO - 已停止 0 个监控线程
2025-09-18 17:27:34,257 - INFO - 已停止 0 个监控线程
2025-09-18 17:27:34,257 - INFO - 已断开所有设备连接
2025-09-18 19:41:13,407 - INFO - 硬件控制模块集成完成
2025-09-18 19:44:27,312 - INFO - 硬件控制模块集成完成
2025-09-18 19:45:59,572 - INFO - 硬件控制模块集成完成
2025-09-18 19:46:11,367 - INFO - 已停止 0 个监控线程
2025-09-18 19:46:11,369 - INFO - 已停止 0 个监控线程
2025-09-18 19:46:11,370 - INFO - 已断开所有设备连接
2025-09-18 19:47:10,792 - INFO - 硬件控制模块集成完成
2025-09-18 19:50:28,379 - INFO - 硬件控制模块集成完成
2025-09-18 20:08:38,196 - INFO - 硬件控制模块集成完成
2025-09-18 20:14:07,908 - INFO - 硬件控制模块集成完成
2025-09-18 20:14:44,099 - INFO - 硬件控制模块集成完成
2025-09-18 20:15:40,219 - INFO - 硬件控制模块集成完成
2025-09-18 20:18:16,091 - INFO - 硬件控制模块集成完成
2025-09-18 20:18:26,632 - INFO - 硬件控制模块集成完成
2025-09-18 20:18:51,107 - INFO - 已停止 0 个监控线程
2025-09-18 20:18:51,108 - INFO - 已停止 0 个监控线程
2025-09-18 20:18:51,108 - INFO - 已断开所有设备连接
2025-09-18 20:20:34,283 - INFO - 硬件控制模块集成完成
2025-09-18 20:20:40,317 - INFO - 已停止 0 个监控线程
2025-09-18 20:20:40,318 - INFO - 已停止 0 个监控线程
2025-09-18 20:20:40,318 - INFO - 已断开所有设备连接
2025-09-18 20:20:48,597 - INFO - 硬件控制模块集成完成
2025-09-18 20:23:40,191 - INFO - 硬件控制模块集成完成
2025-09-18 20:23:54,689 - INFO - 已停止 0 个监控线程
2025-09-18 20:23:54,689 - INFO - 已停止 0 个监控线程
2025-09-18 20:23:54,690 - INFO - 已断开所有设备连接
2025-09-18 20:32:49,098 - INFO - 硬件控制模块集成完成
2025-09-18 20:33:34,269 - INFO - 硬件控制模块集成完成
2025-09-18 20:38:50,539 - INFO - 硬件控制模块集成完成
2025-09-18 20:39:00,628 - INFO - 已停止 0 个监控线程
2025-09-18 20:39:00,628 - INFO - 已停止 0 个监控线程
2025-09-18 20:39:00,629 - INFO - 已断开所有设备连接
2025-09-18 20:43:45,027 - INFO - 硬件控制模块集成完成
2025-09-18 20:50:30,762 - INFO - 硬件控制模块集成完成
2025-09-18 20:50:50,964 - INFO - 硬件控制模块集成完成
2025-09-18 20:50:55,913 - INFO - 已停止 0 个监控线程
2025-09-18 20:50:55,914 - INFO - 已停止 0 个监控线程
2025-09-18 20:50:55,914 - INFO - 已断开所有设备连接
2025-09-18 20:53:14,628 - INFO - 硬件控制模块集成完成
2025-09-18 20:54:16,952 - INFO - 已停止 0 个监控线程
2025-09-18 20:54:16,952 - INFO - 已停止 0 个监控线程
2025-09-18 20:54:16,953 - INFO - 已断开所有设备连接
2025-09-18 20:54:23,503 - INFO - 硬件控制模块集成完成
2025-09-18 20:54:58,696 - INFO - 硬件控制模块集成完成
2025-09-18 21:01:22,270 - INFO - 硬件控制模块集成完成
2025-09-18 21:01:29,230 - INFO - 已停止 0 个监控线程
2025-09-18 21:01:29,231 - INFO - 已停止 0 个监控线程
2025-09-18 21:01:29,231 - INFO - 已断开所有设备连接
2025-09-18 21:02:48,660 - INFO - 硬件控制模块集成完成
2025-09-18 21:12:08,354 - INFO - 硬件控制模块集成完成
2025-09-18 21:12:26,559 - INFO - 已停止 0 个监控线程
2025-09-18 21:12:26,559 - INFO - 已停止 0 个监控线程
2025-09-18 21:12:26,560 - INFO - 已断开所有设备连接
2025-09-18 21:12:38,111 - INFO - 硬件控制模块集成完成
2025-09-18 21:14:54,733 - INFO - 已停止 0 个监控线程
2025-09-18 21:14:54,736 - INFO - 已停止 0 个监控线程
2025-09-18 21:14:54,737 - INFO - 已断开所有设备连接
2025-09-18 21:15:08,382 - INFO - 硬件控制模块集成完成
2025-09-18 21:19:52,055 - INFO - 硬件控制模块集成完成
2025-09-18 21:23:09,558 - INFO - 硬件控制模块集成完成
2025-09-18 21:24:22,663 - INFO - 已停止 0 个监控线程
2025-09-18 21:24:22,663 - INFO - 已停止 0 个监控线程
2025-09-18 21:24:22,664 - INFO - 已断开所有设备连接
2025-09-18 21:24:54,612 - INFO - 硬件控制模块集成完成
2025-09-18 21:25:16,560 - INFO - 已停止 0 个监控线程
2025-09-18 21:25:16,560 - INFO - 已停止 0 个监控线程
2025-09-18 21:25:16,560 - INFO - 已断开所有设备连接
2025-09-18 21:28:53,401 - INFO - 硬件控制模块集成完成
2025-09-18 21:28:58,217 - INFO - 已停止 0 个监控线程
2025-09-18 21:28:58,218 - INFO - 已停止 0 个监控线程
2025-09-18 21:28:58,218 - INFO - 已断开所有设备连接
2025-09-18 21:29:50,055 - INFO - 硬件控制模块集成完成
2025-09-18 21:30:28,538 - INFO - 硬件控制模块集成完成
2025-09-18 21:32:35,912 - INFO - 硬件控制模块集成完成
2025-09-18 21:42:08,997 - INFO - 硬件控制模块集成完成
2025-09-18 21:43:10,465 - INFO - 硬件控制模块集成完成
2025-09-18 21:43:54,402 - INFO - 已停止 0 个监控线程
2025-09-18 21:43:54,402 - INFO - 已停止 0 个监控线程
2025-09-18 21:43:54,402 - INFO - 已断开所有设备连接
2025-09-18 21:47:11,225 - INFO - 硬件控制模块集成完成
2025-09-18 21:53:26,234 - INFO - 硬件控制模块集成完成
2025-09-18 21:54:05,225 - INFO - 硬件控制模块集成完成
2025-09-18 21:54:13,713 - INFO - 已停止 0 个监控线程
2025-09-18 21:54:13,714 - INFO - 已停止 0 个监控线程
2025-09-18 21:54:13,714 - INFO - 已断开所有设备连接
2025-09-18 21:55:21,498 - INFO - 硬件控制模块集成完成
2025-09-18 21:55:36,381 - INFO - 已停止 0 个监控线程
2025-09-18 21:55:36,381 - INFO - 已停止 0 个监控线程
2025-09-18 21:55:36,381 - INFO - 已断开所有设备连接
2025-09-18 22:03:37,004 - INFO - 硬件控制模块集成完成
2025-09-18 22:04:15,024 - INFO - 硬件控制模块集成完成
2025-09-18 22:04:29,888 - INFO - 已停止 0 个监控线程
2025-09-18 22:04:29,889 - INFO - 已停止 0 个监控线程
2025-09-18 22:04:29,889 - INFO - 已断开所有设备连接
2025-09-18 22:06:08,747 - INFO - 硬件控制模块集成完成
2025-09-18 22:29:57,858 - INFO - 硬件控制模块集成完成
2025-09-18 22:32:01,852 - INFO - 硬件控制模块集成完成
2025-09-18 22:35:03,205 - INFO - 硬件控制模块集成完成
2025-09-18 22:37:43,999 - INFO - 硬件控制模块集成完成
2025-09-18 22:41:38,471 - INFO - 硬件控制模块集成完成
2025-09-18 22:51:22,290 - INFO - 硬件控制模块集成完成
2025-09-18 22:52:10,080 - INFO - 已停止 0 个监控线程
2025-09-18 22:52:10,080 - INFO - 已停止 0 个监控线程
2025-09-18 22:52:10,080 - INFO - 已断开所有设备连接
2025-09-18 22:52:49,100 - INFO - 硬件控制模块集成完成
2025-09-18 22:58:01,315 - INFO - 硬件控制模块集成完成
2025-09-18 23:02:44,128 - INFO - 硬件控制模块集成完成
2025-09-18 23:04:17,176 - INFO - 已停止 0 个监控线程
2025-09-18 23:04:17,177 - INFO - 已停止 0 个监控线程
2025-09-18 23:04:17,177 - INFO - 已断开所有设备连接
2025-09-18 23:04:29,308 - INFO - 硬件控制模块集成完成
2025-09-18 23:10:26,392 - INFO - 硬件控制模块集成完成
2025-09-18 23:11:21,614 - INFO - 硬件控制模块集成完成
2025-09-19 10:35:46,210 - INFO - 硬件控制模块集成完成
2025-09-19 10:36:03,704 - INFO - 已停止 0 个监控线程
2025-09-19 10:36:03,704 - INFO - 已停止 0 个监控线程
2025-09-19 10:36:03,705 - INFO - 已断开所有设备连接
2025-09-19 11:06:04,412 - INFO - 硬件控制模块集成完成
2025-09-19 11:07:25,356 - INFO - 硬件控制模块集成完成
2025-09-19 11:39:17,843 - INFO - 硬件控制模块集成完成
2025-09-19 11:39:21,432 - INFO - 已停止 0 个监控线程
2025-09-19 11:39:21,432 - INFO - 已停止 0 个监控线程
2025-09-19 11:39:21,432 - INFO - 已断开所有设备连接
2025-09-19 11:50:32,800 - INFO - 硬件控制模块集成完成
2025-09-19 11:50:45,922 - INFO - 已停止 0 个监控线程
2025-09-19 11:50:45,923 - INFO - 已停止 0 个监控线程
2025-09-19 11:50:45,923 - INFO - 已断开所有设备连接
2025-09-19 11:51:21,266 - INFO - 硬件控制模块集成完成
2025-09-19 11:53:03,545 - INFO - 硬件控制模块集成完成
2025-09-19 11:53:06,263 - INFO - 已停止 0 个监控线程
2025-09-19 11:53:06,263 - INFO - 已停止 0 个监控线程
2025-09-19 11:53:06,263 - INFO - 已断开所有设备连接
2025-09-19 11:54:32,346 - INFO - 硬件控制模块集成完成
2025-09-19 11:55:13,484 - INFO - 已停止 0 个监控线程
2025-09-19 11:55:13,486 - INFO - 已停止 0 个监控线程
2025-09-19 11:55:13,486 - INFO - 已断开所有设备连接
2025-09-19 12:10:36,509 - INFO - 硬件控制模块集成完成
2025-09-19 12:13:16,310 - INFO - 已停止 0 个监控线程
2025-09-19 12:13:16,315 - INFO - 已停止 0 个监控线程
2025-09-19 12:13:16,315 - INFO - 已断开所有设备连接
2025-09-19 12:23:24,520 - INFO - 硬件控制模块集成完成
2025-09-19 12:31:49,857 - INFO - 硬件控制模块集成完成
2025-09-19 12:31:58,259 - INFO - 已停止 0 个监控线程
2025-09-19 12:31:58,260 - INFO - 已停止 0 个监控线程
2025-09-19 12:31:58,260 - INFO - 已断开所有设备连接
2025-09-19 12:32:53,603 - INFO - 硬件控制模块集成完成
2025-09-19 12:32:57,055 - INFO - 已停止 0 个监控线程
2025-09-19 12:32:57,055 - INFO - 已停止 0 个监控线程
2025-09-19 12:32:57,055 - INFO - 已断开所有设备连接
2025-09-19 14:39:35,397 - INFO - 硬件控制模块集成完成
2025-09-19 14:40:40,814 - INFO - 硬件控制模块集成完成
2025-09-19 14:42:31,763 - INFO - 已停止 0 个监控线程
2025-09-19 14:42:31,766 - INFO - 已停止 0 个监控线程
2025-09-19 14:42:31,767 - INFO - 已断开所有设备连接
2025-09-19 14:42:40,153 - INFO - 硬件控制模块集成完成
2025-09-19 14:42:42,207 - INFO - 已停止 0 个监控线程
2025-09-19 14:42:42,207 - INFO - 已停止 0 个监控线程
2025-09-19 14:42:42,208 - INFO - 已断开所有设备连接
2025-09-19 16:01:38,251 - INFO - 硬件控制模块集成完成
2025-09-19 16:01:46,585 - INFO - 已停止 0 个监控线程
2025-09-19 16:01:46,586 - INFO - 已停止 0 个监控线程
2025-09-19 16:01:46,586 - INFO - 已断开所有设备连接
2025-09-19 16:04:02,630 - INFO - 硬件控制模块集成完成
2025-09-19 16:04:42,576 - INFO - 已停止 0 个监控线程
2025-09-19 16:04:42,577 - INFO - 已停止 0 个监控线程
2025-09-19 16:04:42,577 - INFO - 已断开所有设备连接
2025-09-19 16:13:43,265 - INFO - 硬件控制模块集成完成
2025-09-19 16:13:47,412 - INFO - 已停止 0 个监控线程
2025-09-19 16:13:47,413 - INFO - 已停止 0 个监控线程
2025-09-19 16:13:47,413 - INFO - 已断开所有设备连接
2025-09-19 16:14:34,779 - INFO - 硬件控制模块集成完成
2025-09-19 16:14:36,420 - INFO - 已停止 0 个监控线程
2025-09-19 16:14:36,421 - INFO - 已停止 0 个监控线程
2025-09-19 16:14:36,421 - INFO - 已断开所有设备连接
2025-09-19 16:15:21,838 - INFO - 硬件控制模块集成完成
2025-09-19 16:15:31,985 - INFO - 已停止 0 个监控线程
2025-09-19 16:15:31,986 - INFO - 已停止 0 个监控线程
2025-09-19 16:15:31,986 - INFO - 已断开所有设备连接
2025-09-19 16:31:05,470 - INFO - 硬件控制模块集成完成
2025-09-19 16:31:11,226 - INFO - 已停止 0 个监控线程
2025-09-19 16:31:11,226 - INFO - 已停止 0 个监控线程
2025-09-19 16:31:11,226 - INFO - 已断开所有设备连接
2025-09-19 16:32:39,622 - INFO - 硬件控制模块集成完成
2025-09-19 16:35:10,253 - INFO - 硬件控制模块集成完成
2025-09-19 16:38:21,204 - INFO - 硬件控制模块集成完成
2025-09-19 16:38:29,818 - INFO - 已停止 0 个监控线程
2025-09-19 16:38:29,819 - INFO - 已停止 0 个监控线程
2025-09-19 16:38:29,819 - INFO - 已断开所有设备连接
2025-09-19 16:39:15,680 - INFO - 硬件控制模块集成完成
2025-09-19 16:40:53,877 - INFO - 硬件控制模块集成完成
2025-09-19 16:42:09,184 - INFO - 硬件控制模块集成完成
2025-09-19 16:43:27,853 - INFO - 硬件控制模块集成完成
2025-09-19 16:45:16,630 - INFO - 硬件控制模块集成完成
2025-09-19 16:47:00,109 - INFO - 硬件控制模块集成完成
2025-09-19 16:47:18,135 - INFO - 硬件控制模块集成完成
2025-09-19 16:48:01,704 - INFO - 硬件控制模块集成完成
2025-09-19 16:56:27,745 - INFO - 硬件控制模块集成完成
2025-09-19 16:57:11,253 - INFO - 硬件控制模块集成完成
2025-09-19 16:59:39,659 - INFO - 硬件控制模块集成完成
2025-09-19 17:00:02,111 - INFO - 硬件控制模块集成完成
2025-09-19 17:00:49,027 - INFO - 硬件控制模块集成完成
2025-09-19 17:01:03,624 - INFO - 硬件控制模块集成完成
2025-09-19 17:09:13,271 - INFO - 硬件控制模块集成完成
2025-09-19 17:10:21,407 - INFO - 硬件控制模块集成完成
2025-09-19 17:12:26,481 - INFO - 硬件控制模块集成完成
2025-09-19 17:13:31,134 - INFO - 硬件控制模块集成完成
2025-09-19 17:15:21,930 - INFO - 硬件控制模块集成完成
2025-09-19 17:16:43,633 - INFO - 硬件控制模块集成完成
2025-09-19 17:29:29,452 - INFO - 硬件控制模块集成完成
2025-09-19 17:31:01,164 - INFO - 硬件控制模块集成完成
2025-09-19 17:31:45,250 - INFO - 硬件控制模块集成完成
2025-09-19 17:32:32,393 - INFO - 硬件控制模块集成完成
2025-09-19 17:35:37,093 - INFO - 硬件控制模块集成完成
2025-09-19 17:40:06,933 - INFO - 硬件控制模块集成完成
2025-09-19 17:41:04,897 - INFO - 硬件控制模块集成完成
2025-09-19 17:42:46,661 - INFO - 已停止 0 个监控线程
2025-09-19 17:42:46,663 - INFO - 已停止 0 个监控线程
2025-09-19 17:42:46,664 - INFO - 已断开所有设备连接
2025-09-19 17:43:01,526 - INFO - 硬件控制模块集成完成
2025-09-19 17:44:34,434 - INFO - 硬件控制模块集成完成
2025-09-19 17:46:21,713 - INFO - 硬件控制模块集成完成
2025-09-19 17:48:48,381 - INFO - 硬件控制模块集成完成
2025-09-19 17:49:00,509 - INFO - 已停止 0 个监控线程
2025-09-19 17:49:00,510 - INFO - 已停止 0 个监控线程
2025-09-19 17:49:00,510 - INFO - 已断开所有设备连接
2025-09-19 17:49:44,496 - INFO - 硬件控制模块集成完成
2025-09-19 17:50:18,714 - INFO - 硬件控制模块集成完成
2025-09-19 17:52:35,304 - INFO - 硬件控制模块集成完成
2025-09-19 17:53:06,465 - INFO - 硬件控制模块集成完成
2025-09-19 17:54:41,531 - INFO - 硬件控制模块集成完成
2025-09-19 17:54:52,601 - INFO - 硬件控制模块集成完成
2025-09-19 17:55:12,217 - INFO - 硬件控制模块集成完成
2025-09-19 17:56:15,001 - INFO - 硬件控制模块集成完成
2025-09-19 17:57:08,293 - INFO - 硬件控制模块集成完成
2025-09-19 18:01:27,162 - INFO - 硬件控制模块集成完成
2025-09-19 18:01:52,944 - INFO - 硬件控制模块集成完成
2025-09-19 18:03:26,850 - INFO - 硬件控制模块集成完成
2025-09-19 18:07:50,684 - INFO - 硬件控制模块集成完成
2025-09-19 18:08:26,434 - INFO - 硬件控制模块集成完成
2025-09-19 18:10:56,172 - INFO - 硬件控制模块集成完成
2025-09-19 18:11:26,901 - INFO - 硬件控制模块集成完成
2025-09-19 18:13:03,191 - INFO - 硬件控制模块集成完成
2025-09-19 18:13:48,047 - INFO - 硬件控制模块集成完成
2025-09-19 18:14:30,643 - INFO - 硬件控制模块集成完成
2025-09-19 18:17:13,223 - INFO - 硬件控制模块集成完成
2025-09-19 18:18:14,107 - INFO - 硬件控制模块集成完成
2025-09-19 18:18:56,800 - INFO - 硬件控制模块集成完成
2025-09-19 18:28:36,746 - INFO - 硬件控制模块集成完成
2025-09-19 18:29:00,819 - INFO - 硬件控制模块集成完成
2025-09-19 18:29:35,704 - INFO - 硬件控制模块集成完成
2025-09-19 18:36:39,235 - INFO - 硬件控制模块集成完成
2025-09-19 18:38:07,002 - INFO - 硬件控制模块集成完成
2025-09-19 18:38:18,104 - INFO - 已停止 0 个监控线程
2025-09-19 18:38:18,105 - INFO - 已停止 0 个监控线程
2025-09-19 18:38:18,105 - INFO - 已断开所有设备连接
2025-09-19 20:36:55,733 - INFO - 硬件控制模块集成完成
2025-09-19 20:37:35,590 - INFO - 已停止 0 个监控线程
2025-09-19 20:37:35,591 - INFO - 已停止 0 个监控线程
2025-09-19 20:37:35,591 - INFO - 已断开所有设备连接
2025-09-19 20:47:12,167 - INFO - 硬件控制模块集成完成
2025-09-19 20:49:08,936 - INFO - 硬件控制模块集成完成
2025-09-19 21:00:25,952 - INFO - 硬件控制模块集成完成
2025-09-19 21:00:28,641 - INFO - 已停止 0 个监控线程
2025-09-19 21:00:28,642 - INFO - 已停止 0 个监控线程
2025-09-19 21:00:28,642 - INFO - 已断开所有设备连接
2025-09-19 21:00:52,961 - INFO - 硬件控制模块集成完成
2025-09-19 21:03:40,091 - INFO - 硬件控制模块集成完成
2025-09-19 21:04:29,350 - INFO - 硬件控制模块集成完成
2025-09-19 21:05:58,479 - INFO - 硬件控制模块集成完成
2025-09-19 22:38:55,621 - INFO - 已停止 0 个监控线程
2025-09-19 22:38:55,637 - INFO - 已停止 0 个监控线程
2025-09-19 22:38:55,639 - INFO - 已断开所有设备连接
